>>>>>>>>>>>>
BINARY OP ,
 ASSIGNMENT
  IDENT a
  IDENT b
 ASSIGNMENT
  IDENT c
  BINARY OP +
   IDENT c
   BINARY OP /
    UNARY OP -
     NUM 10
    IDENT d
TERNARY OP, IF:
 COMPARISON OP !=
  STRING X
  STRING Y
THEN:
 ASSIGNMENT
  IDENT e
  BINARY OP -
   IDENT e
   NUM 1
ELSE:
 UNARY OP POSTINC
  IDENT f
ASSIGNMENT
 IDENT g
 BINARY OP -
  IDENT g
  UNARY OP *
   BINARY OP +
    STRING ABC
    NUM 3
ASSIGNMENT
 IDENT h
 BINARY OP %
  IDENT h
  UNARY OP +
   IDENT i
ASSIGNMENT
 IDENT j
 BINARY OP <<
  IDENT j
  NUM 3
BINARY OP ,
 ASSIGNMENT
  IDENT j
  BINARY OP >>
   IDENT j
   IDENT k
 IDENT l
ASSIGNMENT
 IDENT m
 BINARY OP &
  IDENT m
  LOGICAL OP &&
   IDENT n
   IDENT o
ASSIGNMENT
 IDENT n
 BINARY OP |
  IDENT n
  BINARY OP ^
   IDENT n
   IDENT o
ASSIGNMENT
 IDENT o
 BINARY OP ^
  IDENT o
  NUM 65
COMPARISON OP >=
 FUNC
  IDENT fn
  argu #1=
   LOGICAL OP ||
    LOGICAL OP &&
     IDENT a
     IDENT b
    IDENT c
  argu #2=
   BINARY OP |
    BINARY OP &
     IDENT d
     IDENT e
    BINARY OP ^
     IDENT f
     IDENT g
  argu #3=
   COMPARISON OP !=
    COMPARISON OP ==
     NUM 10
     NUM 20
    NUM 0
 BINARY OP <<
  UNARY OP ~
   IDENT a
  NUM 2
ASSIGNMENT
 IDENT p
 UNARY OP &
  SELECT
   UNARY OP *
    IDENT x
   IDENT m
UNARY OP *
 UNARY OP POSTINC
  SELECT
   IDENT p
   IDENT n
ASSIGNMENT
 IDENT s
 SIZEOF
  ASSIGNMENT
   IDENT a
   BINARY OP +
    IDENT a
    NUM 1
